============================= test session starts ==============================
platform darwin -- Python 3.12.13, pytest-9.0.3, pluggy-1.6.0
rootdir: /Users/hue/code/dopemux-mvp/.worktrees/fix-docs-prohibited-pattern-matcher-001
configfile: pytest.ini (WARNING: ignoring pytest config in pyproject.toml!)
plugins: mock-3.15.1, cov-7.1.0, xdist-3.8.0, timeout-2.4.0, asyncio-1.4.0, langsmith-0.8.7, anyio-4.13.0
asyncio: mode=Mode.AUTO, debug=False, asyncio_default_fixture_loop_scope=None, asyncio_default_test_loop_scope=function
collected 18 items

tests/ci/test_docs_prohibited_patterns.py ..................             [100%]

============================== 18 passed in 0.76s ==============================
